<?xml version="1.0" encoding="UTF-8"?>
<!--
  Copyright 2018 Tim Stephenson and contributors
  
   Licensed under the Apache License, Version 2.0 (the "License"); you may not
   use this file except in compliance with the License.  You may obtain a copy
   of the License at
  
     http://www.apache.org/licenses/LICENSE-2.0
  
   Unless required by applicable law or agreed to in writing, software
   distributed under the License is distributed on an "AS IS" BASIS, WITHOUT
   WARRANTIES OR CONDITIONS OF ANY KIND, either express or implied. See the
   License for the specific language governing permissions and limitations under
   the License.
-->
<beans xmlns="http://www.springframework.org/schema/beans" 
       xmlns:xsi="http://www.w3.org/2001/XMLSchema-instance"
       xsi:schemaLocation="http://www.springframework.org/schema/beans   http://www.springframework.org/schema/beans/spring-beans.xsd">

  <bean id="dataSource" class="org.apache.commons.dbcp.BasicDataSource">
    
    <property name="defaultAutoCommit" value="false" />
    <property name="url" value="jdbc:h2:mem:activiti;DB_CLOSE_DELAY=1000" />
    <property name="driverClassName" value="org.h2.Driver" />
    <property name="username" value="sa" />
    <property name="password" value="" />

  </bean>

  <bean id="processEngineConfiguration" class="org.activiti.engine.impl.cfg.StandaloneProcessEngineConfiguration">
    <property name="dataSource" ref="dataSource" />
    
    <!-- Database configurations -->
    <property name="databaseSchemaUpdate" value="true" />
    
    <!-- 
        job executor configurations 
        NOTE this must be true to evaluate timers. 
    -->
    <property name="jobExecutorActivate" value="true" />
    
    <!-- mail server configurations (uses Wiser embedded mock mail server) -->
    <property name="mailServerHost" value="localhost" />
    <property name="mailServerPort" value="5025" />
    <property name="mailServerUseTLS" value="false" /> 
    <property name="mailServerPassword" value="password" />
    <property name="mailServerDefaultFrom" value="info@omny.link" />
    <property name="mailServerUsername" value="info@omny.link" />
   
    <!-- history configuration, 'audit' is default -->
    <property name="history" value="full" />    
    
    <property name="customMybatisMappers">
      <set>
        <value>com.knowprocess.bpm.impl.TaskAllocationMapper</value>
      </set>
    </property>
  </bean>

</beans>
