<?xml version="1.0" encoding="UTF-8"?>
<beans xmlns="http://www.springframework.org/schema/beans" 
       xmlns:xsi="http://www.w3.org/2001/XMLSchema-instance"
       xsi:schemaLocation="http://www.springframework.org/schema/beans   http://www.springframework.org/schema/beans/spring-beans.xsd">

  <bean id="dataSource" class="org.apache.commons.dbcp.BasicDataSource">
    <!--  
    <property name="driverClassName" value="${jdbc.driver}" />
    <property name="url" value="${jdbc.url}" />
    <property name="username" value="${jdbc.username}" />
    <property name="password" value="${jdbc.password}" />
    <property name="defaultAutoCommit" value="false" />
    --> 
    
    <property name="defaultAutoCommit" value="false" />
    <property name="url" value="jdbc:h2:mem:activiti;DB_CLOSE_DELAY=1000" />
    <property name="driverClassName" value="org.h2.Driver" />
    <property name="username" value="sa" />
    <property name="password" value="" />
      
    <!--  
    <property name="defaultAutoCommit" value="false" />
    <property name="url" value="jdbc:postgresql://localhost:5432/activitidb" />
    <property name="driverClassName" value="org.postgresql.Driver" />
    <property name="username" value="activiti" />
    <property name="password" value="activiti" />
    -->   

  </bean>

  <bean id="processEngineConfiguration" class="org.activiti.engine.impl.cfg.StandaloneProcessEngineConfiguration">
    <property name="dataSource" ref="dataSource" />
    
    <!-- Database configurations -->
    <property name="databaseSchemaUpdate" value="true" />
    
    <!-- 
        job executor configurations 
        NOTE this must be true to evaluate timers. 
    -->
    <property name="jobExecutorActivate" value="true" />
    
    <!-- mail server configurations (uses Wiser embedded mock mail server) -->
    <property name="mailServerHost" value="localhost" />
    <property name="mailServerPort" value="5025" />
    <property name="mailServerUseTLS" value="false" />    
    <property name="mailServerDefaultFrom" value="donotreply@knowprocess.com" />
    <property name="mailServerUsername" value="donotreply@knowprocess.com" />
    <property name="mailServerPassword" value="password" />
    
    <!-- history configuration, 'audit' is default -->
    <property name="history" value="full" />    
  </bean>

</beans>
